<?xml version="1.0" encoding="UTF-8"?>
<!-- Generated by org.testng.reporters.JUnitReportReporter -->
<testsuite hostname="LAPTOP-F1SH0AT3" failures="0" tests="1" name="practice.Array" time="0.007" errors="0" timestamp="2022-05-09T17:16:34 IST" skipped="0">
  <testcase classname="practice.Array" name="position" time="0.007"/>
  <system-out/>
</testsuite> <!-- practice.Array -->
