<?xml version="1.0" encoding="UTF-8"?>
<!-- Generated by org.testng.reporters.JUnitReportReporter -->
<testsuite hostname="LAPTOP-F1SH0AT3" failures="0" tests="1" name="com.crm.vtiger.contact.CreateContactTest" time="11.306" errors="0" timestamp="2022-05-15T18:08:10 IST" skipped="0">
  <testcase classname="com.crm.vtiger.contact.CreateContactTest" name="createContact" time="11.306"/>
  <system-out/>
</testsuite> <!-- com.crm.vtiger.contact.CreateContactTest -->
