<?xml version="1.0" encoding="UTF-8"?>
<!-- Generated by org.testng.reporters.JUnitReportReporter -->
<testsuite hostname="LAPTOP-F1SH0AT3" failures="0" tests="1" name="com.crm.vtiger.product.CreateProductTest" time="9.593" errors="0" timestamp="2022-05-08T18:33:05 IST" skipped="0">
  <testcase classname="com.crm.vtiger.product.CreateProductTest" name="createProduct" time="9.593"/>
  <system-out/>
</testsuite> <!-- com.crm.vtiger.product.CreateProductTest -->
